Coffee machine initialized on port /dev/ttyUSB0 at 9600 bps
Coffee machine controller initialized
Coffee machine initialized on port COM4 at 9600 bps
Connection error: name 'serial' is not defined
Disconnected from coffee machine
Coffee machine initialized on port /dev/ttyUSB0 at 9600 bps
Coffee machine controller initialized
Coffee machine initialized on port COM4 at 9600 bps
Connection error: name 'serial' is not defined
Disconnected from coffee machine
Coffee machine initialized on port /dev/ttyUSB0 at 9600 bps
Coffee machine controller initialized
Coffee machine initialized on port COM4 at 9600 bps
Connection error: name 'serial' is not defined
Disconnected from coffee machine
Coffee machine initialized on port /dev/ttyUSB0 at 9600 bps
Coffee machine controller initialized
Coffee machine initialized on port /dev/ttyUSB0 at 9600 bps
Coffee machine controller initialized
Error getting delivery history: no such table: machine_coffeedelivery
Error getting maintenance logs: no such table: machine_maintenancelog
Coffee machine initialized on port /dev/ttyUSB0 at 9600 bps
Coffee machine controller initialized
Coffee machine initialized on port /dev/ttyUSB0 at 9600 bps
Coffee machine controller initialized
Coffee machine initialized on port /dev/ttyUSB0 at 9600 bps
Coffee machine controller initializedFailed to initialize coffee machine controller: No module named 'pymodbus'
Failed to initialize coffee machine controller: Serial client requires pyserial Please install with "pip install pyserial" and try again.
Coffee machine initialized on port /dev/ttyUSB1 at 9600 bps
Coffee machine controller initialized
Failed to connect to coffee machine
Disconnected from coffee machine
Coffee machine initialized on port /dev/ttyUSB1 at 9600 bps
Coffee machine controller initialized
Coffee machine initialized on port /dev/ttyUSB1 at 9600 bps
Coffee machine controller initialized
Coffee machine initialized on port /dev/ttyUSB1 at 9600 bps
Coffee machine controller initialized
Coffee machine initialized on port C:/Program Files/Git/dev/ttyUSB1 at 9600 bps
Failed to connect to coffee machine
Disconnected from coffee machine
Disconnected from coffee machine
Coffee machine initialized on port COM4 at 9600 bps
Failed to connect to coffee machine
Coffee machine initialized on port /dev/ttyUSB1 at 9600 bps
Coffee machine controller initialized
Coffee machine initialized on port /dev/ttyUSB1 at 9600 bps
Coffee machine controller initialized
Coffee machine initialized on port /dev/ttyUSB1 at 9600 bps
Coffee machine controller initialized
Coffee machine initialized on port /dev/ttyUSB1 at 9600 bps
Coffee machine controller initialized
Coffee machine initialized on port /dev/ttyUSB1 at 9600 bps
Coffee machine controller initialized
Coffee machine initialized on port /dev/ttyUSB1 at 9600 bps
Coffee machine controller initialized
Coffee machine initialized on port /dev/ttyUSB0 at 9600 bps
Coffee machine controller initialized
Coffee machine initialized on port /dev/ttyUSB1 at 9600 bps
Coffee machine controller initialized
Coffee machine initialized on port /dev/ttyUSB1 at 9600 bps
Coffee machine controller initialized
Coffee machine initialized on port /dev/ttyUSB1 at 9600 bps
Coffee machine controller initialized
Coffee machine initialized on port /dev/ttyUSB1 at 9600 bps
Coffee machine controller initialized
Coffee machine initialized on port COM4 at 9600 bps
Failed to connect to coffee machine
Disconnected from coffee machine
Coffee machine initialized on port /dev/ttyUSB1 at 9600 bps
Coffee machine controller initialized
Coffee machine initialized on port /dev/ttyUSB1 at 9600 bps
Coffee machine controller initialized
Coffee machine initialized on port /dev/ttyUSB1 at 9600 bps
Coffee machine controller initialized
Coffee machine initialized on port /dev/ttyUSB1 at 9600 bps
Coffee machine controller initialized
Coffee machine initialized on port /dev/ttyUSB1 at 9600 bps
Coffee machine controller initialized
Coffee machine initialized on port /dev/ttyUSB1 at 9600 bps
Coffee machine controller initialized
